<?xml version="1.0" encoding="UTF-8"?>
<!-- Generated by org.testng.reporters.JUnitReportReporter -->
<testsuite skipped="0" hostname="DESKTOP-5MN2USB" name="NewTestNG" tests="2" failures="0" timestamp="2022-04-06T16:49:17 KRAT" time="0.005" errors="0">
  <testcase name="test1" time="0.003" classname="NewTestNG"/>
  <system-out/>
  <testcase name="test2" time="0.002" classname="NewTestNG"/>
  <system-out/>
</testsuite> <!-- NewTestNG -->
