<?xml version="1.0" encoding="UTF-8"?>
<!-- Generated by org.testng.reporters.JUnitReportReporter -->
<testsuite skipped="0" hostname="DESKTOP-5MN2USB" name="FactoryTestNGMethod" tests="2" failures="0" timestamp="2022-04-06T20:11:17 KRAT" time="0.006" errors="0">
  <testcase name="SimpleTest2" time="0.001" classname="FactoryTestNGMethod"/>
  <system-out/>
  <testcase name="SimpleTest1" time="0.005" classname="FactoryTestNGMethod"/>
  <system-out/>
</testsuite> <!-- FactoryTestNGMethod -->
