<?xml version="1.0" encoding="UTF-8"?>
<!-- Generated by org.testng.reporters.JUnitReportReporter -->
<testsuite skipped="0" hostname="DESKTOP-5MN2USB" name="FactoryTestNG$SecondNameTest" tests="4" failures="0" timestamp="2022-04-08T20:33:45 KRAT" time="0.148" errors="0">
  <testcase name="secondName" time="0.037" classname="FactoryTestNG$SecondNameTest"/>
  <system-out/>
  <testcase name="secondName" time="0.037" classname="FactoryTestNG$SecondNameTest"/>
  <system-out/>
  <testcase name="secondName" time="0.037" classname="FactoryTestNG$SecondNameTest"/>
  <system-out/>
  <testcase name="secondName" time="0.037" classname="FactoryTestNG$SecondNameTest"/>
  <system-out/>
</testsuite> <!-- FactoryTestNG$SecondNameTest -->
