<?xml version="1.0" encoding="UTF-8"?>
<!-- Generated by org.testng.reporters.JUnitReportReporter -->
<testsuite skipped="0" hostname="DESKTOP-5MN2USB" name="ParamTestNG" tests="4" failures="0" timestamp="2022-04-06T18:12:51 KRAT" time="0.006" errors="0">
  <testcase name="testAge1" time="0.004" classname="ParamTestNG"/>
  <system-out/>
  <testcase name="testAge2" time="0.001" classname="ParamTestNG"/>
  <system-out/>
  <testcase name="testEmptyCollection" time="0.000" classname="ParamTestNG"/>
  <system-out/>
  <testcase name="testStudentsDataCollection" time="0.001" classname="ParamTestNG"/>
  <system-out/>
</testsuite> <!-- ParamTestNG -->
