<?xml version="1.0" encoding="UTF-8"?>
<!-- Generated by org.testng.reporters.JUnitReportReporter -->
<testsuite skipped="0" hostname="DESKTOP-5MN2USB" name="FactoryTestNG$FirstNameTest" tests="12" failures="0" timestamp="2022-04-08T20:56:27 KRAT" time="0.067" errors="0">
  <testcase name="firstName" time="0.002" classname="FactoryTestNG$FirstNameTest"/>
  <system-out/>
  <testcase name="secondName" time="0.002" classname="FactoryTestNG$FirstNameTest"/>
  <system-out/>
  <testcase name="secondName" time="0.001" classname="FactoryTestNG$FirstNameTest"/>
  <system-out/>
  <testcase name="secondName" time="0.001" classname="FactoryTestNG$FirstNameTest"/>
  <system-out/>
  <testcase name="firstName" time="0.002" classname="FactoryTestNG$FirstNameTest"/>
  <system-out/>
  <testcase name="firstName" time="0.001" classname="FactoryTestNG$FirstNameTest"/>
  <system-out/>
  <testcase name="secondName" time="0.001" classname="FactoryTestNG$FirstNameTest"/>
  <system-out/>
  <testcase name="age" time="0.014" classname="FactoryTestNG$FirstNameTest"/>
  <system-out/>
  <testcase name="age" time="0.014" classname="FactoryTestNG$FirstNameTest"/>
  <system-out/>
  <testcase name="age" time="0.014" classname="FactoryTestNG$FirstNameTest"/>
  <system-out/>
  <testcase name="age" time="0.014" classname="FactoryTestNG$FirstNameTest"/>
  <system-out/>
  <testcase name="firstName" time="0.001" classname="FactoryTestNG$FirstNameTest"/>
  <system-out/>
</testsuite> <!-- FactoryTestNG$FirstNameTest -->
