<?xml version="1.0" encoding="UTF-8"?>
<!-- Generated by org.testng.reporters.JUnitReportReporter -->
<testsuite skipped="0" hostname="DESKTOP-5MN2USB" name="FactoryTestNG" tests="3" failures="0" timestamp="2022-04-08T20:56:27 KRAT" time="0.013" errors="0">
  <testcase name="testSecondName1" time="0.001" classname="FactoryTestNG"/>
  <system-out/>
  <testcase name="testAge1" time="0.011" classname="FactoryTestNG"/>
  <system-out/>
  <testcase name="testFirstName1" time="0.001" classname="FactoryTestNG"/>
  <system-out/>
</testsuite> <!-- FactoryTestNG -->
