<?xml version="1.0" encoding="UTF-8"?>
<!-- Generated by org.testng.reporters.JUnitReportReporter -->
<testsuite skipped="0" hostname="DESKTOP-5MN2USB" name="FactoryTestNG$FirstNameTest" tests="4" failures="0" timestamp="2022-04-07T09:23:19 KRAT" time="0.156" errors="0">
  <testcase name="firstName" time="0.039" classname="FactoryTestNG$FirstNameTest"/>
  <system-out/>
  <testcase name="firstName" time="0.039" classname="FactoryTestNG$FirstNameTest"/>
  <system-out/>
  <testcase name="firstName" time="0.039" classname="FactoryTestNG$FirstNameTest"/>
  <system-out/>
  <testcase name="firstName" time="0.039" classname="FactoryTestNG$FirstNameTest"/>
  <system-out/>
</testsuite> <!-- FactoryTestNG$FirstNameTest -->
