<?xml version="1.0" encoding="UTF-8"?>
<!-- Generated by org.testng.reporters.JUnitReportReporter -->
<testsuite skipped="0" hostname="DESKTOP-5MN2USB" name="FactoryTestNG$FirstNameTest" tests="2" failures="0" timestamp="2022-04-06T21:08:08 KRAT" time="0.038" errors="0">
  <testcase name="firstName" time="0.037" classname="FactoryTestNG$FirstNameTest"/>
  <system-out/>
  <testcase name="firstName" time="0.001" classname="FactoryTestNG$FirstNameTest"/>
  <system-out/>
</testsuite> <!-- FactoryTestNG$FirstNameTest -->
